<?xml version="1.0" encoding="UTF-8"?>
<!-- Generated by org.testng.reporters.JUnitXMLReporter -->
<testsuite hostname="LAPTOP-M6SVLR9D" name="NavgationbarTest" tests="1" failures="0" timestamp="15 Jul 2020 04:50:17 GMT" time="0.117" errors="0">
  <testcase name="@BeforeTest initialize" time="0.0" classname="Academy.validateNavigationBar">
    <failure type="java.lang.NullPointerException">
      <![CDATA[java.lang.NullPointerException
	at resources.base.initializeDriver(base.java:44)
	at Academy.validateNavigationBar.initialize(validateNavigationBar.java:27)
	at java.util.concurrent.FutureTask.run(Unknown Source)
	at java.util.concurrent.ThreadPoolExecutor.runWorker(Unknown Source)
	at java.util.concurrent.ThreadPoolExecutor$Worker.run(Unknown Source)
	at java.lang.Thread.run(Unknown Source)
... Removed 14 stack frames]]>
    </failure>
  </testcase> <!-- @BeforeTest initialize -->
  <testcase name="@AfterTest teardown" time="0.0" classname="Academy.validateNavigationBar">
    <skipped/>
  </testcase> <!-- @AfterTest teardown -->
  <testcase name="basepageNavigation" time="0.008" classname="Academy.validateNavigationBar">
    <skipped/>
  </testcase> <!-- basepageNavigation -->
</testsuite> <!-- NavgationbarTest -->
