<?xml version="1.0" encoding="UTF-8"?>
<!-- Generated by org.testng.reporters.JUnitXMLReporter -->
<testsuite hostname="LAPTOP-M6SVLR9D" name="Test" tests="4" failures="0" timestamp="8 Jul 2020 07:17:38 GMT" time="37.458" errors="0">
  <testcase name="basepageNavigation" time="0.24" classname="Academy.validateNavigationBar"/>
  <testcase name="basepageNavigation" time="8.487" classname="Academy.Homepage"/>
  <testcase name="basepageNavigation" time="5.018" classname="Academy.Homepage"/>
  <testcase name="basepageNavigation" time="0.058" classname="Academy.validateTitle"/>
</testsuite> <!-- Test -->
