<?xml version="1.0" encoding="UTF-8"?>
<!-- Generated by org.testng.reporters.JUnitXMLReporter -->
<testsuite hostname="LAPTOP-M6SVLR9D" name="Test" tests="4" failures="0" timestamp="8 Jul 2020 05:05:58 GMT" time="45.271" errors="0">
  <testcase name="basepageNavigation" time="0.166" classname="Academy.validateNavigationBar"/>
  <testcase name="basepageNavigation" time="7.891" classname="Academy.Homepage"/>
  <testcase name="basepageNavigation" time="2.076" classname="Academy.Homepage"/>
  <testcase name="basepageNavigation" time="0.039" classname="Academy.validateTitle"/>
</testsuite> <!-- Test -->
