<?xml version="1.0" encoding="UTF-8"?>
<testng-results skipped="0" failed="2" total="5" passed="3">
  <reporter-output>
  </reporter-output>
  <suite name="Suite" duration-ms="30214" started-at="2020-07-15T04:51:23Z" finished-at="2020-07-15T04:51:53Z">
    <groups>
    </groups>
    <test name="AppTest" duration-ms="5" started-at="2020-07-15T04:51:23Z" finished-at="2020-07-15T04:51:23Z">
    </test> <!-- AppTest -->
    <test name="NavgationbarTest" duration-ms="23184" started-at="2020-07-15T04:51:23Z" finished-at="2020-07-15T04:51:46Z">
      <class name="Academy.validateNavigationBar">
        <test-method status="PASS" signature="initialize()[pri:0, instance:Academy.validateNavigationBar@1b1426f4]" name="initialize" is-config="true" duration-ms="20729" started-at="2020-07-15T10:21:23Z" finished-at="2020-07-15T10:21:44Z">
          <reporter-output>
          </reporter-output>
        </test-method> <!-- initialize -->
        <test-method status="PASS" signature="basepageNavigation()[pri:0, instance:Academy.validateNavigationBar@1b1426f4]" name="basepageNavigation" duration-ms="565" started-at="2020-07-15T10:21:44Z" finished-at="2020-07-15T10:21:44Z">
          <reporter-output>
          </reporter-output>
        </test-method> <!-- basepageNavigation -->
        <test-method status="PASS" signature="teardown()[pri:0, instance:Academy.validateNavigationBar@1b1426f4]" name="teardown" is-config="true" duration-ms="1602" started-at="2020-07-15T10:21:45Z" finished-at="2020-07-15T10:21:46Z">
          <reporter-output>
          </reporter-output>
        </test-method> <!-- teardown -->
      </class> <!-- Academy.validateNavigationBar -->
    </test> <!-- NavgationbarTest -->
    <test name="titleTest" duration-ms="27642" started-at="2020-07-15T04:51:23Z" finished-at="2020-07-15T04:51:51Z">
      <class name="Academy.validateTitle">
        <test-method status="PASS" signature="initialize()[pri:0, instance:Academy.validateTitle@47faa49c]" name="initialize" is-config="true" duration-ms="23271" started-at="2020-07-15T10:21:23Z" finished-at="2020-07-15T10:21:46Z">
          <reporter-output>
          </reporter-output>
        </test-method> <!-- initialize -->
        <test-method status="FAIL" signature="basepageNavigation()[pri:0, instance:Academy.validateTitle@47faa49c]" name="basepageNavigation" duration-ms="1223" started-at="2020-07-15T10:21:46Z" finished-at="2020-07-15T10:21:48Z">
          <exception class="java.lang.NullPointerException">
            <full-stacktrace>
              <![CDATA[java.lang.NullPointerException
	at Academy.validateTitle.basepageNavigation(validateTitle.java:44)
	at sun.reflect.NativeMethodAccessorImpl.invoke0(Native Method)
	at sun.reflect.NativeMethodAccessorImpl.invoke(NativeMethodAccessorImpl.java:62)
	at sun.reflect.DelegatingMethodAccessorImpl.invoke(DelegatingMethodAccessorImpl.java:43)
	at java.lang.reflect.Method.invoke(Method.java:498)
	at org.testng.internal.MethodInvocationHelper.invokeMethod(MethodInvocationHelper.java:80)
	at org.testng.internal.Invoker.invokeMethod(Invoker.java:714)
	at org.testng.internal.Invoker.invokeTestMethod(Invoker.java:901)
	at org.testng.internal.Invoker.invokeTestMethods(Invoker.java:1231)
	at org.testng.internal.TestMethodWorker.invokeTestMethods(TestMethodWorker.java:127)
	at org.testng.internal.TestMethodWorker.run(TestMethodWorker.java:111)
	at org.testng.TestRunner.privateRun(TestRunner.java:767)
	at org.testng.TestRunner.run(TestRunner.java:617)
	at org.testng.SuiteRunner.runTest(SuiteRunner.java:334)
	at org.testng.SuiteRunner.access$000(SuiteRunner.java:37)
	at org.testng.SuiteRunner$SuiteWorker.run(SuiteRunner.java:368)
	at org.testng.internal.thread.ThreadUtil$2.call(ThreadUtil.java:64)
	at java.util.concurrent.FutureTask.run(FutureTask.java:266)
	at java.util.concurrent.ThreadPoolExecutor.runWorker(ThreadPoolExecutor.java:1149)
	at java.util.concurrent.ThreadPoolExecutor$Worker.run(ThreadPoolExecutor.java:624)
	at java.lang.Thread.run(Thread.java:748)
]]>
            </full-stacktrace>
          </exception> <!-- java.lang.NullPointerException -->
          <reporter-output>
          </reporter-output>
        </test-method> <!-- basepageNavigation -->
        <test-method status="FAIL" signature="validateHeader()[pri:0, instance:Academy.validateTitle@47faa49c]" name="validateHeader" duration-ms="1" started-at="2020-07-15T10:21:49Z" finished-at="2020-07-15T10:21:49Z">
          <exception class="java.lang.NullPointerException">
            <full-stacktrace>
              <![CDATA[java.lang.NullPointerException
	at Academy.validateTitle.validateHeader(validateTitle.java:53)
	at sun.reflect.NativeMethodAccessorImpl.invoke0(Native Method)
	at sun.reflect.NativeMethodAccessorImpl.invoke(NativeMethodAccessorImpl.java:62)
	at sun.reflect.DelegatingMethodAccessorImpl.invoke(DelegatingMethodAccessorImpl.java:43)
	at java.lang.reflect.Method.invoke(Method.java:498)
	at org.testng.internal.MethodInvocationHelper.invokeMethod(MethodInvocationHelper.java:80)
	at org.testng.internal.Invoker.invokeMethod(Invoker.java:714)
	at org.testng.internal.Invoker.invokeTestMethod(Invoker.java:901)
	at org.testng.internal.Invoker.invokeTestMethods(Invoker.java:1231)
	at org.testng.internal.TestMethodWorker.invokeTestMethods(TestMethodWorker.java:127)
	at org.testng.internal.TestMethodWorker.run(TestMethodWorker.java:111)
	at org.testng.TestRunner.privateRun(TestRunner.java:767)
	at org.testng.TestRunner.run(TestRunner.java:617)
	at org.testng.SuiteRunner.runTest(SuiteRunner.java:334)
	at org.testng.SuiteRunner.access$000(SuiteRunner.java:37)
	at org.testng.SuiteRunner$SuiteWorker.run(SuiteRunner.java:368)
	at org.testng.internal.thread.ThreadUtil$2.call(ThreadUtil.java:64)
	at java.util.concurrent.FutureTask.run(FutureTask.java:266)
	at java.util.concurrent.ThreadPoolExecutor.runWorker(ThreadPoolExecutor.java:1149)
	at java.util.concurrent.ThreadPoolExecutor$Worker.run(ThreadPoolExecutor.java:624)
	at java.lang.Thread.run(Thread.java:748)
]]>
            </full-stacktrace>
          </exception> <!-- java.lang.NullPointerException -->
          <reporter-output>
          </reporter-output>
        </test-method> <!-- validateHeader -->
        <test-method status="PASS" signature="teardown()[pri:0, instance:Academy.validateTitle@47faa49c]" name="teardown" is-config="true" duration-ms="724" started-at="2020-07-15T10:21:50Z" finished-at="2020-07-15T10:21:51Z">
          <reporter-output>
          </reporter-output>
        </test-method> <!-- teardown -->
      </class> <!-- Academy.validateTitle -->
    </test> <!-- titleTest -->
    <test name="homepageTest" duration-ms="30214" started-at="2020-07-15T04:51:23Z" finished-at="2020-07-15T04:51:53Z">
      <class name="Academy.Homepage">
        <test-method status="PASS" signature="initialize()[pri:0, instance:Academy.Homepage@53fdffa1]" name="initialize" is-config="true" duration-ms="11459" started-at="2020-07-15T10:21:23Z" finished-at="2020-07-15T10:21:35Z">
          <reporter-output>
          </reporter-output>
        </test-method> <!-- initialize -->
        <test-method status="PASS" signature="basepageNavigation(java.lang.String, java.lang.String)[pri:0, instance:Academy.Homepage@53fdffa1]" name="basepageNavigation" duration-ms="15450" started-at="2020-07-15T10:21:35Z" data-provider="getData" finished-at="2020-07-15T10:21:50Z">
          <params>
            <param index="0">
              <value>
                <![CDATA[restiectedyser@test.com]]>
              </value>
            </param>
            <param index="1">
              <value>
                <![CDATA[123456]]>
              </value>
            </param>
          </params>
          <reporter-output>
          </reporter-output>
        </test-method> <!-- basepageNavigation -->
        <test-method status="PASS" signature="basepageNavigation(java.lang.String, java.lang.String)[pri:0, instance:Academy.Homepage@53fdffa1]" name="basepageNavigation" duration-ms="3204" started-at="2020-07-15T10:21:50Z" data-provider="getData" finished-at="2020-07-15T10:21:53Z">
          <params>
            <param index="0">
              <value>
                <![CDATA[nonrestiecteduser@test.com]]>
              </value>
            </param>
            <param index="1">
              <value>
                <![CDATA[1234]]>
              </value>
            </param>
          </params>
          <reporter-output>
          </reporter-output>
        </test-method> <!-- basepageNavigation -->
        <test-method status="PASS" signature="teardown()[pri:0, instance:Academy.Homepage@53fdffa1]" name="teardown" is-config="true" duration-ms="84" started-at="2020-07-15T10:21:53Z" finished-at="2020-07-15T10:21:53Z">
          <reporter-output>
          </reporter-output>
        </test-method> <!-- teardown -->
      </class> <!-- Academy.Homepage -->
    </test> <!-- homepageTest -->
  </suite> <!-- Suite -->
</testng-results>
