<?xml version="1.0" encoding="UTF-8"?>
<testsuite xmlns:xsi="http://www.w3.org/2001/XMLSchema-instance" xsi:noNamespaceSchemaLocation="https://maven.apache.org/surefire/maven-surefire-plugin/xsd/surefire-test-report-3.0.xsd" version="3.0" name="TestSuite" time="37.748" tests="5" errors="0" skipped="0" failures="2">
  <properties>
[...]
</properties>
  <testcase name="basepageNavigation" classname="Academy.validateNavigationBar" time="0.566">
    <system-err><![CDATA[ERROR StatusLogger No log4j2 configuration file found. Using default configuration: logging only errors to the console.
Starting ChromeDriver 83.0.4103.39 (ccbf011cb2d2b19b506d844400483861342c20cd-refs/branch-heads/4103@{#416}) Sotna rtpiong rCth r1o7m8e96Dr
Oinlvye rlo c8al3 .c0on.4n1e0c3t.io3n9s  (cacreb fa0l1l1ocwbe2dd.2b
1P9lb5ea0s6de8 4s4ee40 h04t8tp38s6:1/3/42cch2romedri0vcder-.rchromeium.forgs//sbreacnucrhi-thye-acdosn/s4ide10r3a@t{io#n4s16 }f)o ro ns upgogrets t4i2o0n7s4 o
nO nkleyep ilongc aClh rcoomnenDercitvieorn ss aafree. a
llowed.
Please see https://chromedriver.chromium.org/security-considerations for suggestions on keeping ChromeDriver safe.
ChromeDriver Cwhars osmtaerDtreidv esr uwccaesssf ullys.
tarted successfully.
Starting ChromeDriver 83.0.4103.39 (ccbf011cb2d2b19b506d844400483861342c20cd-refs/branch-heads/4103@{#416}) on port 10959
Only local connections are allowed.
Please see https://chromedriver.chromium.org/security-considerations for suggestions on keeping ChromeDriver safe.
ChromeDriver was started successfully.
Jul 15, 2020 10:21:34 AM org.openqa.selenium.remote.ProtocolHandshake createSession
INFO: Detected dialect: W3C
Jul 15, 2020 10:21:34 AM org.openqa.selenium.remote.ProtocolHandshake createSession
INFO: Detected dialect: W3C
Jul 15, 2020 10:21:34 AM org.openqa.selenium.remote.ProtocolHandshake createSession
INFO: Detected dialect: W3C
]]></system-err>
  </testcase>
  <testcase name="basepageNavigation" classname="Academy.validateTitle" time="1.281">
    <failure type="java.lang.NullPointerException"><![CDATA[java.lang.NullPointerException
	at Academy.validateTitle.basepageNavigation(validateTitle.java:44)
]]></failure>
  </testcase>
  <testcase name="validateHeader" classname="Academy.validateTitle" time="0">
    <failure type="java.lang.NullPointerException"><![CDATA[java.lang.NullPointerException
	at Academy.validateTitle.validateHeader(validateTitle.java:53)
]]></failure>
  </testcase>
  <testcase name="basepageNavigation[restiectedyser@test.com, 123456](1)" classname="Academy.Homepage" time="0.76"/>
  <testcase name="basepageNavigation[nonrestiecteduser@test.com, 1234](2)" classname="Academy.Homepage" time="3.205"/>
</testsuite>